[debug] [2018-12-16T11:18:16.808Z] ----------------------------------------------------------------------
[debug] [2018-12-16T11:18:16.811Z] Command:       C:\Program Files (x86)\nodejs\node.exe C:\Users\tkdlz\AppData\Roaming\npm\node_modules\firebase-tools\lib\bin\firebase.js serve --only hosting
[debug] [2018-12-16T11:18:16.812Z] CLI Version:   6.1.2
[debug] [2018-12-16T11:18:16.812Z] Platform:      win32
[debug] [2018-12-16T11:18:16.812Z] Node Version:  v10.14.2
[debug] [2018-12-16T11:18:16.816Z] Time:          Sun Dec 16 2018 20:18:16 GMT+0900 (GMT+09:00)
[debug] [2018-12-16T11:18:16.817Z] ----------------------------------------------------------------------
[debug] 
[debug] [2018-12-16T11:18:16.835Z] > command requires scopes: ["email","openid","https://www.googleapis.com/auth/cloudplatformprojects.readonly","https://www.googleapis.com/auth/firebase","https://www.googleapis.com/auth/cloud-platform"]
[debug] [2018-12-16T11:18:16.836Z] > authorizing via signed-in user
[debug] [2018-12-16T11:18:16.836Z] [iam] checking project friendlychat-39754 for permissions ["firebase.projects.get"]
[debug] [2018-12-16T11:18:16.839Z] >>> HTTP REQUEST POST https://cloudresourcemanager.googleapis.com/v1/projects/friendlychat-39754:testIamPermissions  

[debug] [2018-12-16T11:18:17.994Z] <<< HTTP RESPONSE 200
[debug] [2018-12-16T11:18:17.996Z] >>> HTTP REQUEST GET https://cloudresourcemanager.googleapis.com/v1/projects/friendlychat-39754  
 
[debug] [2018-12-16T11:18:18.963Z] <<< HTTP RESPONSE 200
[info] 
[info] === Serving from 'C:\Users\tkdlz\Desktop\sooyoung\TeamNTims-right'...
[info] 
[debug] [2018-12-16T11:18:18.966Z] >>> HTTP REQUEST GET https://mobilesdk-pa.googleapis.com/v1/projects/845309450876/clients/_:getWebAppConfig  
 
[debug] [2018-12-16T11:18:20.189Z] <<< HTTP RESPONSE 200
[info] i  hosting: Serving hosting files from: ./
[info] +  hosting: Local server: http://localhost:5000
